<?xml version="1.0" encoding="UTF-8"?>
<!-- Generated by org.testng.reporters.JUnitReportReporter -->
<testsuite hostname="Asus-Made" failures="0" tests="1" name="saucedemo.test.SaucedemoTest" time="3.605" errors="0" timestamp="2025-06-11T04:34:18 COT" skipped="0">
  <testcase classname="saucedemo.test.SaucedemoTest" name="testCompletePurchase" time="3.605"/>
</testsuite> <!-- saucedemo.test.SaucedemoTest -->
